10949 11749
4432 2038
10211 5617
3511 9373
4772 7076
2682 5060
11195 6037
9118 6728
10575 3733
6254 6928
3260 9791
3692 12424
8950 11106
10692 10738
2262 3090
12027 7184
125 12582
2978 7587
367 4664
8309 2281
3584 1408
12444 11584
6785 6837
8480 1369
9086 9888
10686 12647
3168 3317
11729 12137
12518 3326
12156 5660
11533 4648
1163 450
12114 5782
10076 11270
7018 4545
10735 10447
3880 10415
12646 7878
2873 3373
11474 10786
1085 6615
11626 9587
5512 9508
8215 3661
9225 4015
847 2998
8662 11498
4668 8886
7145 6124
6447 8883
8815 8414
7775 6629
5093 10393
6609 3076
6593 2738
2960 223
5535 11285
1200 4180
7913 10529
5283 5766
10603 491
1250 10469
4232 3755
9132 12522
5634 10231
12789 6431
9404 3845
1409 2058
4968 4314
4083 3778
931 11894
8748 8392
6863 9795
10982 9534
8736 3808
5855 5385
1011 10338
10294 3771
1360 4303
5625 3513
1201 1190
12685 2707
7319 2718
9673 202
3563 4330
9455 7166
2826 12262
36 10214
7764 3310
829 4129
2065 575
10157 11235
3030 2274
1510 12757
6195 4226
6853 7694
4980 8692
6884 11673
1592 4752
11440 8455
12457 3189
9591 1746
11724 9059
1749 9279
2131 12454
7468 1783
709 7871
2629 2913
7079 713
394 11886
10922 7342
2079 6395
1620 8782
617 6565
1805 5245
8472 10780
7198 7832
3231 9904
751 11727
5038 12190
6524 4787
7640 9766
2404 3117
11595 7624
6414 7469
1939 10398
6872 9337
3403 7570
6381 8296
7670 2190
6440 3244
1998 2353
4226 3854
7805 2361
6436 3860
9006 2613
5067 1538
160 9630
1140 6378
9279 10207
8806 2263
10971 5524
4291 5992
7150 12634
11039 1863
9656 11234
3453 9743
6294 3090
11318 4890
2265 1381
6189 10345
5673 1097
3394 7181
5907 8737
4759 12284
7940 4456
8656 6076
5917 329
11680 2513
12001 5979
403 10178
526 1129
5183 649
5381 6466
10027 694
6438 6826
1498 9598
6218 8238
4397 8965
7669 3730
12770 4235
7087 10517
8235 7773
7880 11649
653 8803
6994 10680
255 4961
2367 9573
4356 2745
11274 8872
11458 2359
12191 5794
12412 1561
10708 4344
6713 11016
12119 11676
2893 11547
10288 12332
2620 5261
2340 5306
8970 11829
10881 1709
7511 4323
2338 8366
1838 6180
6831 10018
4463 9647
2544 5786
2587 3356
7768 8543
9535 5915
12686 10320
918 4164
10810 11834
3504 7601
1217 5711
9376 1188
8216 569
8232 12743
12264 408
6875 5952
4081 11330
12742 10001
5584 7276
12029 10885
239 5891
3609 12203
2219 7364
7457 6595
10802 6391
6667 6459
3736 7818
9121 9199
9675 50
967 1908
12661 927
6239 3032
1814 4221
4998 5587
12762 5293
5703 8967
885 2510
4953 8887
4822 6956
8670 9965
9113 836
9973 1975
6777 3621
10628 12154
2464 12033
2196 6490
8064 8404
10538 9286
9702 9983
8594 11497
2954 7382
2354 4016
5595 10945
5959 6645
8608 11558
11807 7261
2412 10904
7671 7065
8922 4746
6509 9693
947 1602
8813 6851
4957 5354
10640 379
2801 1918
12679 5494
8809 11851
8090 4953
2262 7268
6368 2623
12158 1037
10623 3033
9734 5970
934 1742
11423 8024
11330 6966
256 4530
1734 12199
1071 4089
8185 8300
3764 11133
674 1816
2093 7843
1960 9202
5660 12495
8036 6560
4865 1615
7225 12080
2963 7494
1339 7503
10337 9300
10620 11872
11476 3066
3071 6200
2733 4460
11529 4123
1638 3635
4655 2056
12454 1982
7262 11720
3945 8721
6369 4550
5831 3006
9497 4692
10220 2073
7069 2214
5963 6551
3051 5858
7736 6034
2314 10919
1901 12316
11275 3922
11802 4531
10158 8666
8078 5499
2081 7688
8000 10525
10383 5167
4773 3485
10736 11536
6731 854
1118 2100
3270 3376
7271 1453
11871 7956
982 6382
11390 1417
4372 12381
12258 10053
5547 10434
3100 384
8125 11075
558 10413
7030 6565
8411 9667
375 8632
9511 12227
10932 3433
6009 12232
10798 1675
7693 288
1092 6178
1466 10880
1540 6585
7764 12057
1100 4582
2603 7026
1668 344
5976 6973
4873 1526
5032 11393
7104 10049
3676 7712
10745 11209
3779 6533
4329 8308
6975 4955
4943 156
12180 2969
5755 1085
8078 3096
6619 10778
7695 11556
12118 242
5345 5180
6692 2374
1342 9113
12442 3473
3955 966
360 4633
12267 8501
10325 11376
7182 7455
4523 9618
581 11932
9451 7500
6413 1565
11765 11201
7998 8747
4226 495
8840 1031
3252 2694
2126 8295
8756 10377
8089 936
1210 555
4517 9270
4737 10556
1591 9521
29 9188
6738 4091
9706 3135
757 9021
6738 10382
1199 5195
12741 11537
10799 4135
7760 10988
1644 10240
4703 4595
3510 8938
3178 10574
10080 1964
9581 3461
10521 7152
1911 5581
8101 7352
11445 10119
2636 4490
7643 8246
2416 1429
3983 4000
5495 3101
2916 3486
9953 1744
1567 112
4056 12704
8016 11577
12583 10853
1907 5347
11766 8208
7800 12336
1154 6482
4281 9688
1319 12218
9933 7262
7429 6582
10155 126
9711 2850
12251 1764
7345 1459
6157 7189
6003 1977
4107 4379
4721 1099
3920 3745
4143 3122
4286 10356
4692 2556
11910 448
7448 9831
11269 8777
7125 4759
12232 9530
6970 9641
6841 2600
2947 3747
10694 1619
4089 5412
3166 11699
12681 6734
527 11404
51 9254
10978 11292
10191 12648
10958 5435
5355 10926
5182 4168
2672 67
8143 9529
3432 4931
8813 1334
965 4086
9885 6641
10498 12506
8041 12371
5398 5980
7577 5859
9802 7532
1747 152
6890 10457
11701 2268
1402 1190
1014 9494
5971 3394
3403 11481
471 11871
7514 408
10741 4668
8107 10668
1926 8080
764 1986
12489 5233
6676 5007
5861 11045
1764 4139
6111 3180
2791 4659
6769 7361
10394 10176
1443 3473
3759 6751
1460 4669
208 4255
618 1467
8564 8133
7426 6139
6394 11211
92 11810
12292 5770
7602 2487
292 3612
11532 4352
2658 12589
12469 12386
12339 9297
12058 10065
11933 8759
8287 10090
495 399
8236 5662
787 12261
6909 4349
1568 8293
4348 12143
8189 9094
6423 5875
8870 10040
4896 4968
2799 7135
9027 3113
1118 7518
11041 1281
6319 4557
3359 3371
11313 8630
9031 9658
2170 8349
8857 1389
9881 12506
880 6125
9560 5080
9828 5473
8316 7675
12451 9387
11887 7544
6587 9896
4650 9046
6927 7334
11793 9651
12286 12204
8963 4311
5704 804
196 8555
6499 4616
10799 5388
8775 8678
11912 12121
9564 11436
1286 9062
8028 1623
2885 5188
7883 12348
7372 10810
5958 2107
12627 12222
9699 494
5902 5589
1553 2338
7260 1628
5693 8080
5383 4818
12068 7746
4826 1535
10961 863
10500 2759
699 379
5893 6893
11561 6160
7436 6468
10182 936
4530 1930
7476 7421
3414 9564
7876 3776
4383 2507
40 10768
5584 2284
12734 4548
6834 2851
3360 11694
3659 3826
7473 4926
10157 12526
8306 7613
6068 3088
9686 2009
3819 6342
5113 5562
2619 12789
10220 6679
5725 9509
7583 7658
1393 11278
4551 2247
10491 9011
8352 1392
10614 11629
3934 5549
563 2044
6826 3092
6512 1666
4155 11888
7960 11569
3757 5560
10026 1747
4478 10807
9789 6090
11776 12752
10728 12276
7718 1235
3170 10336
3609 5199
8462 920
5363 10667
10022 951
3008 11350
8053 5394
6600 3991
4778 962
783 3687
10489 6233
3239 12754
11988 11383
3895 10743
12525 1372
288 1316
2410 3354
5107 6435
5574 2379
12348 10509
6324 9747
12053 12201
2420 3678
8170 8305
3938 5469
11859 1945
7880 12517
3925 9922
10568 11104
3950 10137
9872 1431
9753 9369
7102 1062
5243 5106
9608 10288
1491 2098
4876 10023
3305 734
11148 671
1914 2896
7968 1727
3546 5964
2045 7775
6687 801
7185 4974
335 7677
4588 1899
10975 12400
10414 5435
1362 2535
11910 7746
1808 8826
11107 10539
11841 10491
11756 35
6908 10781
4134 7364
10126 860
5289 5999
7387 1851
6996 585
7697 12067
5829 5896
6277 1789
4327 10664
8920 6526
7363 2824
10764 2034
3527 11825
5073 2144
4781 10087
9644 7791
12714 1564
10839 4070
3009 4728
3804 11859
1735 8943
3821 10255
5211 2822
3132 11032
4854 11038
4271 12052
7908 9096
5245 4641
11777 2170
8175 10226
3062 12079
6192 9285
6872 12401
11508 5221
7112 3754
1797 3708
6353 4566
12575 6775
7614 2134
1168 8257
9535 5815
12093 6215
6776 3875
6546 10278
8668 1491
177 10278
11380 1383
9794 2445
8969 11642
1995 12204
128 4487
11663 3999
35 1394
1122 8220
4893 1386
3677 7085
9678 8670
4194 3037
7341 5030
4583 5594
7174 5376
119 10232
37 11843
4143 2521
12085 4589
7341 6898
5707 9036
12601 3816
2378 7714
1276 3186
5442 59
12369 4453
8351 9455
2988 5475
3180 2262
6403 10886
5730 7392
1789 667
470 9928
8677 4013
6193 6704
10823 5701
3543 2035
5314 8619
11839 8610
5052 8590
965 12502
1579 5984
5965 3962
3984 6977
1966 7614
2589 2309
11351 11225
5496 11368
5882 5177
7174 5226
1961 8414
11936 10216
5942 1902
10997 10463
11088 1354
7842 12734
8271 3293
10537 9590
9649 1916
8405 4561
5077 7480
1285 7573
2753 9213
5523 2377
12048 582
3121 3539
58 5198
12446 3350
857 7127
775 3011
2332 2735
9890 10056
10243 4342
10581 1862
6138 1017
3361 11409
11817 3970
11504 1980
2086 4284
3724 10195
2889 9110
12639 3971
2857 11075
4604 12670
2998 4897
1398 4394
8079 3835
6672 11676
10006 9094
1479 98
9908 330
12054 2964
9811 3497
8386 10086
11963 9951
5030 11472
8530 420
3858 7514
12094 4579
11998 2180
1476 4374
11183 11390
4859 7583
8843 2536
10811 7043
12008 5929
11961 1387
1119 10668
7994 1457
1259 941
9652 7514
7774 11311
4761 11386
9426 3199
10190 4528
11774 10215
10431 12112
6497 3051
4664 491
9878 11944
12787 4076
8083 4351
5772 2977
254 3207
7686 3272
10152 7002
5572 9464
10354 735
7361 10927
7725 1
8617 9076
320 8095
3140 2727
3581 2638
8967 1847
5431 1788
8040 2373
4641 10725
9200 1628
9650 12060
8699 10322
8346 8560
666 5078
938 6553
1887 10419
7388 2624
1612 3231
1559 11414
7642 7568
6025 10792
10113 12020
11994 5607
6382 9864
2407 8787
1814 8072
7624 2005
2340 9580
8786 12788
5792 2370
8753 6935
2869 1013
2726 2391
4165 1718
4254 423
11136 633
7044 7628
5783 2620
12065 11183
10385 11610
12280 9441
9383 7199
11919 3570
10883 10426
5912 11905
7886 7623
11698 12280
2713 2951
454 8280
12652 8467
3524 9100
6953 1127
9722 3676
7979 11860
398 1762
6125 1528
12676 6852
4821 5033
7014 11227
11589 4943
2118 11336
2893 4320
6746 7877
12415 12308
9833 10128
9431 6297
1938 7230
7754 5473
4576 5989
1562 9683
4477 7549
3976 6187
9932 12179
10933 10235
9554 8071
8725 10819
5207 9791
9381 5149
2299 4659
2678 1150
4462 7635
9394 2498
1055 12316
10540 12350
8887 10791
7620 2854
8400 6035
6630 651
11066 7101
4918 2994
3230 6581
8497 10959
7268 2665
10099 2033
6060 2182
2960 10029
12441 2445
11233 8643
4117 11559
11124 7491
10090 7223
535 8897
2540 5952
1323 2399
12659 8001
10489 9841
9524 5060
5336 8031
4804 529
7290 8634
390 3806
11968 6917
3044 9
8203 12365
4511 3360
5457 11268
3068 12164
1853 6194
8456 821
12730 3234
7417 1404
10274 10404
8004 12058
11430 7769
3648 10329
7945 1208
7845 4862
1569 4885
2690 2226
2245 2572
782 3538
11588 4164
2734 9056
9865 9641
7462 8289
1645 4817
9207 778
8264 4261
2935 9687
3137 1708
8277 90
12006 12477
11098 9705
56 2569
734 745
9353 9680
231 10772
9780 171
4460 7541
4632 5584
3983 8919
4481 5607
8407 12542
4587 7038
6306 1227
3947 12407
11991 6965
1306 733
9956 7046
9990 5675
11704 12612
8723 7793
6288 3513
6246 8112
62 12192
5713 467
7566 9427
1308 12735
5793 5696
2420 6915
6914 4584
514 5049
5312 6196
10048 4185
6035 3552
11393 8272
5972 3741
12225 2610
4901 1693
10913 11058
8324 11247
5183 9547
5921 1341
1718 9336
1378 8849
6005 9184
1391 5752
283 11517
3033 9411
7350 2549
5377 8451
12426 1033
7526 10454
1401 11360
9430 928
11229 12525
5332 5637
4635 8632
3383 4764
9920 10112
3282 5054
2458 7931
5958 7249
7674 9589
2124 5209
10935 4081
8662 8179
10205 8372
12221 8237
7109 3068
10033 2080
8395 8051
10144 12325
7377 7153
3861 1241
11868 654
8440 7513
11765 7657
4348 912
1676 2789
6236 7991
5369 8235
7569 5772
11609 12705
146 7
565 3596
8138 3271
12059 460
7671 8835
1288 5015
7957 536
606 4217
126 765
9478 1974
1 11348
10135 12328
9116 5523
8419 1666
1344 850
11952 5229
2837 3767
12493 12157
7410 4361
6624 6726
965 4389
10293 5358
1107 1639
3930 6611
7995 12107
2465 5074
3432 12304
6800 5301
12631 3524
6821 4733
11727 12541
11741 1813
270 7943
3368 7598
505 5459
6990 1104
6678 5612
5630 4233
5148 12493
1750 3811
4780 8352
6223 4082
2073 1146
3729 1428
12547 7788
12145 9312
4671 11474
7030 4308
3679 4113
3004 8961
11368 11921
10776 2764
6101 11829
4791 8105
6997 9627
32 7346
7356 11921
6357 7167
4573 3422
9246 3878
3608 4796
5318 7961
2780 2846
8177 3807
11408 8043
4495 7106
10087 3267
3290 9736
12080 11233
2333 6978
220 61
8633 344
11011 10626
10280 822
4039 10262
3903 5643
11690 6999
3458 7105
664 8088
8787 8935
12121 7908
5677 10202
3104 3326
5355 7503
5864 8284
11760 11246
11242 3692
5361 8829
6850 8898
7332 5797
11454 10167
2646 7254
1968 6607
10571 9959
9971 2646
5313 2335
7085 5925
5349 1653
6375 9957
6315 5866
9287 10075
6372 2765
12199 10087
3610 5625
1400 12217
8585 5361
5580 12503
6350 4567
12783 9568
6492 5715
12455 7369
4710 5209
6985 3557
610 6665
10473 5837
8353 857
2297 9139
9200 11173
7971 1322
95 12366
1487 3948
8312 4553
9120 2114
7174 666
3335 4660
1006 12627
10345 10106
12489 10840
8433 7532
1711 9858
6335 7715
10179 5163
8577 8242
8823 9050
10811 2547
946 8228
12438 3311
10220 5306
5260 7940
6299 5053
12317 8474
9949 6480
11409 5243
5923 10201
5790 9532
2540 2444
10748 9476
2149 17
422 598
8279 7310
4230 8472
2619 11480
11888 10962
1120 12062
3386 11241
10619 12361
9183 7022
1744 6514
8793 4908
9800 4682
8802 6220
10870 1195
12415 10318
9463 9514
9875 6173
11092 10315
11364 11789
3168 11762
5759 6763
6549 11099
6254 921
7567 1974
2376 9093
3251 7866
7653 9183
2718 9901
9217 7746
6973 1163
12077 1611
7818 632
9425 5051
131 6290
8888 12570
2070 4534
8802 10267
12623 1689
5347 5598
6569 10115
7902 56
1715 1570
2529 12072
3222 10663
6445 5836
3635 7762
6517 2038
12632 11195
53 1890
9213 2232
3996 10796
1266 4287
12605 8283
6414 8127
601 3670
11037 10087
9565 1290
1733 3522
5323 4008
9309 11387
12053 10402
2581 6708
4582 3795
2882 6805
8378 7481
157 7354
2858 9750
2285 5650
4962 3839
2978 7212
9448 11560
7419 9047
1822 181
1602 8951
2557 2629
10212 2210
12258 1083
7763 10804
8205 751
6767 11873
4963 8415
2422 8749
9318 2869
1160 5341
3141 4491
6739 4989
8626 5838
4482 11393
4166 1701
5937 775
5809 709
4814 832
11599 82
10487 308
1394 7665
7199 4336
11461 10853
11776 10282
6985 2339
9131 5473
106 9015
3696 11539
1843 11005
1934 8722
11671 10976
7063 8252
1952 11980
11146 10886
9659 12308
6768 584
7757 2446
3471 4438
5465 11812
3162 11782
10835 12633
11198 750
11210 11912
8713 9065
10261 12514
12318 1326
6088 1383
5601 1746
3048 7536
878 6981
3807 2935
8081 4273
5272 5013
8256 5656
2014 1226
8619 9922
1299 4547
5720 7874
9750 6024
9053 8844
4481 11239
11953 10180
12601 6476
3234 10338
10370 9074
2477 953
7324 1380
351 7697
4363 3700
2465 8928
3485 7712
224 7489
5165 6830
3361 594
8164 11341
6962 12528
9704 3707
5405 6317
5719 6633
1287 2639
10880 3957
10270 9688
10963 553
7578 11844
12312 5562
8466 1154
5255 9420
12201 9413
2494 3071
12194 2442
1733 11840
2365 6458
1452 589
7948 10071
328 5139
1256 12681
5786 811
1646 8519
9390 2311
11547 7871
3723 10378
224 7593
12309 2996
11987 4343
4945 12358
1684 10988
10491 4964
7849 271
12677 5577
7903 7117
10430 11284
3286 8173
11315 12650
2737 7360
5109 11455
1609 3598
4927 6679
8528 9522
3074 632
4764 5884
6520 3607
10649 4192
992 1563
6714 801
2203 1231
2904 10727
9821 3842
9864 7978
9231 10823
6177 5652
9187 11281
12702 5973
785 12269
10452 12217
1954 12322
9817 5619
8829 10460
911 591
8840 9167
387 9851
8956 4963
9457 3106
2424 1614
2081 11173
11915 2824
10512 4754
3939 3135
8776 10168
1505 11088
5373 7136
4212 4109
11134 9782
6855 7033
5868 6669
3897 4322
4001 1710
4502 3968
5165 5359
1909 11511
1282 2090
10730 11397
5187 12480
3740 5147
1188 4290
192 8780
11651 1673
4862 7947
2878 11177
3078 3358
7709 9391
5611 8942
4096 6425
6890 403
12450 1544
7723 4771
9388 6783
2011 9654
4210 2869
11457 8499
6884 4809
18 9902
4759 3383
8965 5407
8299 5202
5455 6157
10156 6227
8725 8501
7506 348
4724 12627
3889 5972
12614 9999
154 5608
8015 12056
10114 7541
2186 12206
538 7592
11546 3295
11920 11625
10004 12527
12725 11656
7589 2023
12055 3536
7404 8086
5680 10813
11154 74
4929 1519
10001 12379
3057 8789
11597 3757
7751 1849
12581 2907
11110 10920
3847 1551
9523 7883
6949 464
12249 11946
7817 3398
8138 8884
6619 5327
10032 7767
12015 3246
1636 8431
1754 4762
6077 11219
2786 5513
10862 7782
3788 3320
7863 4500
2215 10781
1936 4827
5859 8663
5564 3735
5830 437
3420 5980
11404 12315
7975 11134
12100 4299
6360 9888
1537 8787
6402 11812
4426 10533
6275 10219
8672 12712
6532 7000
5096 1797
12485 8471
10285 6716
9445 8726
11888 6715
376 1180
6694 4614
1601 8825
4167 4399
948 9415
2634 7365
9627 7103
7236 1026
4242 5637
935 2336
1085 12226
4910 4299
12755 1144
11767 10195
9325 11361
873 10624
1618 953
9936 8279
7038 7313
10363 5011
3431 7497
11990 4187
1939 5525
3337 9950
9953 8649
7376 8649
313 2580
12205 5892
7368 11111
2670 906
12540 10553
2416 7397
356 5605
9778 2819
2702 1004
12447 1252
11608 1851
620 6983
2381 2696
2340 10457
607 8473
5174 12063
8849 4159
8345 1298
10931 6754
6856 4470
1206 12322
11176 8604
11140 12275
5923 11186
5824 6348
4295 3634
5831 4705
10640 117
231 9185
8244 12007
9674 4240
9566 5729
398 12198
5776 9090
7568 8449
6616 1535
9058 2264
5120 5047
3611 510
11361 28
4136 4953
5173 120
6534 433
7320 1287
5054 10183
3682 1068
6309 9369
1166 9399
11379 3616
5566 3782
752 12168
10610 1760
1455 11876
7374 3247
4161 7606
1459 3463
7787 5708
758 12000
352 164
5579 11163
8367 6831
10103 5369
8597 875
2925 543
10841 624
6634 9214
2481 4575
6183 11911
351 3095
10131 11771
4962 1479
1147 9954
556 4755
9576 8057
12769 9072
11152 3365
11139 11361
5886 3767
11136 483
12096 7496
12132 8920
3483 7155
3274 2511
12560 1563
3842 4725
734 12656
11117 8302
8320 9598
10756 11795
10939 3660
1582 7363
2354 1741
2571 8674
9863 1820
108 8474
2758 10457
11887 2340
7183 12350
11791 3876
1970 11633
4288 9472
12089 11397
7588 953
8874 4974
4245 6094
2131 11194
6252 8335
8768 8588
679 4880
8247 2806
12208 8120
8943 12175
11917 9278
7701 2409
4262 12087
6562 2478
2808 2507
1607 10115
4801 7501
4643 10592
11956 792
9451 8735
12447 1627
599 7627
7751 7805
3028 10891
3261 475
12237 12486
7157 2550
2744 1727
1077 9385
9885 4462
5233 1226
7167 9241
8866 9280
4187 4798
2003 3719
6711 12230
11841 1303
68 7164
9601 10294
2720 5774
3614 7022
7681 4193
1089 8171
12658 8235
3324 8752
7077 4049
10837 9062
12466 10555
4151 1051
376 7636
2172 11618
1528 942
3120 1106
6793 10209
6940 10600
7499 3976
3351 4281
6742 9615
8543 6950
3199 12493
9712 7033
4192 5002
6932 11748
7907 597
6095 9607
499 1806
4486 10470
7986 8551
11671 8627
8898 7986
5875 3274
11491 5484
2804 11125
7947 6816
12678 4237
550 11478
191 1747
6175 8434
4552 2605
10492 1163
2423 12783
2875 6755
5979 8565
3202 11224
7840 6594
545 7910
5504 2101
11824 12778
10179 8026
7218 8197
11053 9226
2611 10579
6047 8808
10623 4777
3742 4010
540 1355
1648 10787
5092 7535
8939 10979
5043 1419
8401 5320
9865 175
9911 8240
2175 2415
10423 12366
228 2780
4458 7332
10074 3794
12229 3276
7376 7313
918 2753
4536 5392
7665 429
4036 11593
1552 2307
7960 910
10991 678
3346 1638
12219 11644
4515 4385
946 6910
4111 2213
5990 12600
538 10174
4153 11194
3867 528
4063 4068
5576 2959
4607 2139
7579 9459
5982 11545
3679 6194
10555 2689
651 5485
4979 3140
8410 8172
6982 6805
4197 10000
6328 12727
10387 6607
10266 2617
4286 6553
6450 691
3568 12243
7112 11386
7238 4199
10606 2525
705 7809
7948 4383
6001 6781
4728 10524
3841 1438
472 9079
237 7987
821 886
7911 3880
11075 5657
5304 12203
6175 2432
8798 4678
8659 6913
9828 6210
4930 5713
634 1922
12482 668
10311 1261
12099 8021
5878 10338
1991 11841
8483 3598
7694 11291
12522 700
9909 8580
7725 87
7026 10425
8721 6966
8284 2880
6234 1724
6208 10534
12002 8593
8797 6592
3347 10510
4534 1515
12697 12712
12577 1052
5746 8721
790 10851
178 10550
4692 10109
229 4479
6464 8977
3264 9671
11757 9617
10474 6836
4253 7335
5437 5064
7494 2744
10312 9497
778 8616
9352 133
11795 11012
3992 2390
77 8161
8025 10230
3886 595
5763 3664
4109 6904
5357 8948
8260 3725
575 1877
4454 6507
9320 8197
5036 5670
9193 2884
3419 1058
8529 495
9550 10014
238 9392
5397 1601
9800 3099
7156 12478
10915 12688
4074 3539
6216 10481
7712 2116
8469 3088
3072 1854
11882 3620
11321 3388
6775 12484
10362 4729
2479 11817
4978 10308
653 3418
12155 7220
9854 10026
4743 10397
7624 2417
6372 3210
10151 9961
6082 366
3873 2022
12318 7527
9813 5210
6464 154
9089 1467
6227 10450
9317 4941
11245 5958
3158 2073
2514 12150
5303 2205
7440 11113
10963 9571
3994 39
1749 10514
8906 10514
633 5075
4185 4471
977 4924
10698 11772
11325 7095
5401 3512
2522 3785
7929 1479
5542 12520
8988 7871
2633 9866
3346 8790
1425 10774
6769 9937
2253 6774
9945 6070
4902 3669
9447 10729
12192 4870
11769 5720
12507 12105
3822 1139
12502 4977
1838 724
9861 5652
2298 12582
8413 12102
5463 6611
7940 1515
9680 2640
6732 11091
7619 4803
2344 7469
12069 3899
11239 12361
7154 4186
10501 9353
12534 7909
10217 8276
3736 11868
8683 11035
7416 2795
3247 8755
4722 3164
714 7466
4914 6808
2768 10889
7121 8346
8635 6722
11705 12072
3766 5500
4992 4243
12565 7652
8798 2011
7758 2821
2175 8550
12775 1557
6784 10581
980 2879
12565 3770
6601 11599
9275 10477
2062 813
9045 3818
2951 9242
9662 3222
3684 12563
2985 4327
10902 7865
442 6174
5897 284
10718 10012
9482 497
10746 6289
12029 3374
5205 11841
2640 5283
1970 9868
12042 11652
9705 11393
5701 11709
4497 9611
5913 1193
648 7696
4759 1676
2723 8439
10761 10054
11243 2911
398 4660
11341 11795
10987 3712
11436 11937
457 8187
372 1053
9896 3730
7321 7771
8874 5464
6659 7202
5384 8699
5643 11166
6499 1002
8372 3900
10180 1850
8870 1650
8919 5256
10961 7892
6398 5011
8809 2881
11398 8479
5914 1224
8061 3197
1019 308
11457 844
1150 6580
9294 4721
8139 4750
6327 2238
9131 10841
1137 1382
8933 11945
7932 11356
11721 9213
12550 1941
1309 8594
2261 45
11062 12261
11982 9082
2503 6382
3755 12240
6811 8137
7094 1590
145 8421
9324 7084
4061 5219
4477 8387
11012 9378
10440 8093
921 3372
11641 11971
10193 6276
6285 2734
9509 6975
6054 6185
2241 5352
6626 6226
7073 876
2898 5548
697 5219
10431 12289
4292 5295
8453 1896
11068 10264
8679 5227
7134 5581
8863 7866
9987 2900
6881 6781
10510 9537
5762 3774
2934 10745
6876 8596
12514 75
6766 1722
1206 1998
4078 7321
3303 11733
9578 10243
10208 8030
5484 7146
8219 8924
1593 1473
5332 631
6032 2446
8232 8516
4020 5723
4646 891
412 10680
3326 10499
10236 3353
4374 1970
7947 4546
7218 8332
4816 9064
1854 11729
11058 5566
7827 4869
11373 4314
11854 6532
12152 2673
12488 5666
8740 11301
802 12171
9241 9235
10195 9357
8498 7205
3844 1040
7470 12269
10415 2054
8287 5507
88 12439
784 4974
9305 8407
30 6954
2284 9777
10187 6226
7172 2950
11769 6533
4012 6413
770 4244
11738 7462
8291 9279
7895 8660
11942 1774
3289 2405
2286 867
10844 8744
1257 6985
6946 5293
12080 1500
6789 7886
2412 9533
584 12132
2009 4693
8807 12337
1151 9268
8632 12668
10346 10166
4727 7210
9809 11015
5400 2060
7121 7943
11329 6632
7986 3545
5832 9167
12202 10064
9598 1916
12089 11318
4212 11959
1394 2598
4979 5545
3107 2286
1433 4113
6240 7711
7457 4822
7465 1366
1227 6962
4169 2349
6120 8977
3011 11968
9545 12640
3120 11980
1886 10078
5059 2896
3100 3733
5279 7298
1215 3623
7198 1867
3915 9254
3294 3074
9310 12558
4983 3412
5531 9667
7375 3301
10600 379
5667 5700
7095 6291
6757 4696
11856 5913
12006 6320
4151 9413
235 9976
3714 11120
12646 1703
6564 10558
11598 11264
12707 3312
4633 5334
5529 1620
3077 328
5397 8354
6299 6182
8978 6830
5571 2123
349 12103
5777 461
1684 8099
2637 10770
10795 5650
11829 2607
8173 1802
7173 10273
10160 7404
10322 10283
11154 3265
6436 4218
6869 12307
9873 9206
4230 2600
8265 1877
8727 2004
955 9458
6841 9977
6285 3281
6781 10373
9949 6479
9831 10565
3119 8646
8477 5767
1228 6830
5112 10069
6137 806
6330 3810
1977 76
2374 11160
1654 12441
21 4546
11619 769
2467 2723
3416 2236
5769 7044
6395 11196
4681 12739
11308 10995
647 7788
7410 4729
7992 11846
11320 3124
9681 8717
3868 4873
10695 38
6113 6404
6593 12127
10310 3784
76 4208
10218 6788
568 8220
7947 11901
12096 3600
9049 9750
2867 1514
7682 1981
4215 2358
12465 7598
6146 784
3593 6976
7763 4612
4803 9747
9853 8044
2389 6609
475 1060
6197 9894
8590 11287
3138 2054
9797 9087
7685 3914
12113 5606
7681 6962
4489 6971
572 8474
4327 7801
2395 12511
5906 3962
2586 6402
133 5857
6526 4976
783 4925
1852 8524
2105 8353
7397 9652
10333 3928
84 3106
8296 5736
3273 2653
6455 9280
176 871
5008 9025
6851 11028
7293 12105
1699 9249
2118 6122
4608 5657
10373 9383
9963 5694
6941 12148
1019 10348
8002 11850
8645 1446
2037 154
1646 3498
4407 11408
548 10026
7145 3569
7327 1135
11479 7394
7229 11915
6387 3421
391 9634
12520 7520
8787 1131
479 4087
5519 1546
3014 12539
8130 6363
12318 3619
7658 8687
8177 6981
4065 11302
2231 5083
11391 9542
7773 8462
9773 848
3719 8580
7426 8934
7711 10031
7737 1541
12405 12460
2124 7199
12256 3271
4715 2453
8561 3573
94 3702
58 11169
7448 10013
11503 8589
4268 12547
9501 6302
9038 610
9028 7606
4990 6239
5003 8855
1581 2211
7083 7454
12195 10847
6842 12027
5917 12003
7797 10027
10759 9076
7412 6342
395 4319
3811 5816
6630 1444
6549 7462
10537 4494
3962 5038
9392 9282
4702 10500
1564 11148
5318 2377
4501 9348
5115 3815
9895 6449
3176 2630
3245 2222
441 4820
7367 3646
12425 11530
3150 12450
2252 12284
11321 4813
2027 11393
8016 7191
4993 8962
6040 3063
8342 8761
5924 5819
6480 5921
8027 4994
11130 5923
9026 6473
12426 9465
6627 192
12600 2147
2044 10368
6331 6067
8580 843
1076 6170
7869 9083
383 7553
10465 6159
994 8952
10637 7842
10611 2680
12458 12268
2594 6826
7107 4970
9649 12264
7208 6212
7527 10401
11725 8502
8340 1410
6075 10465
7658 4450
12157 1197
10902 9942
5250 7759
7631 12502
125 2577
677 9537
1025 5399
1978 466
6742 2053
9281 6288
7678 10342
2680 3049
8668 11873
2682 10064
8727 10668
4869 12338
1816 7681
5513 4810
11713 3902
12652 585
904 6177
11571 8172
7724 11931
4267 9507
5019 7966
6332 4782
11746 2595
12167 6117
11394 3116
5140 6962
6780 2033
4486 12130
6454 5797
7698 4062
6064 11084
1485 11890
8204 5764
10686 6244
8898 9625
9100 9858
1700 5648
6508 552
10695 2856
11978 6123
10620 6826
8506 12188
10022 10282
5973 6778
7366 9868
7872 3471
2646 2886
10933 11586
8584 9033
2350 8409
4860 11329
214 5341
11576 10661
7503 3371
5077 4916
2737 6451
12223 12335
10418 80
1220 2157
7842 10464
7979 9079
1538 5112
12564 10182
9155 12447
4969 2410
341 4648
6859 3245
8441 9246
8592 8434
11494 2650
11167 7851
11442 5459
2414 11094
8638 5415
736 5637
5580 5220
9250 6903
4993 5595
2199 10360
8348 6389
4794 11196
11926 3296
4490 5805
7000 5322
7670 10286
9359 1869
2377 3003
8885 8973
2673 6405
5805 3771
5353 1184
7004 11839
7904 5452
5013 10510
10456 7839
8603 8567
8456 12507
10663 5441
7219 2410
878 8960
10196 10742
758 4002
4755 7807
5193 5586
4989 5718
9036 7998
7815 9204
6831 7987
639 303
8518 10198
11018 12256
12565 7239
6565 5917
365 1691
10419 6473
1336 6018
12746 5039
6193 10097
2903 11609
571 4977
4637 6181
9508 3080
9681 4547
7105 12661
4294 11302
2928 2964
2028 11805
8334 11262
289 12133
684 5903
11878 5762
6045 9521
7517 6309
3441 5266
1787 8415
5069 773
8901 1691
12262 4541
4696 8118
11702 7363
4033 9365
4088 12047
1754 3139
2603 1145
3972 401
1696 5150
12699 8168
12646 556
2794 2624
5381 5026
3139 1496
9284 3943
11831 7413
10439 12277
2449 6605
7495 2562
1305 10937
11088 10140
7014 10864
5756 9326
9376 1119
3808 12406
1907 11428
11323 4342
7660 5342
1227 8441
12559 332
3993 9744
3021 12527
9333 7958
9184 12512
3194 8383
12652 1440
8543 7077
5742 10409
12055 643
12702 8542
8118 12481
10960 9947
11488 5444
5841 8124
9888 12246
9673 5389
7087 1166
9328 4926
12472 5240
9592 9957
7176 1291
2547 524
7586 2326
7614 3433
11401 5311
7670 978
1467 1435
12080 8329
8621 10456
369 5910
7488 4040
9968 5985
4117 5513
9969 664
6525 11906
4478 3292
7734 3322
4846 7167
6115 5607
4146 975
12693 3416
7106 7132
5240 2381
3769 10169
3378 3751
6378 18
334 9463
3282 10953
6762 3671
5955 3715
9631 4696
4641 4021
6190 11594
9713 8868
8020 3812
1615 11194
4699 9664
576 11524
499 1829
3639 2792
1841 6754
6089 10992
6476 11687
12649 2881
3325 4800
11168 579
3729 7024
1207 8665
12360 2437
3649 9043
8847 3942
4095 6305
10934 199
10767 12562
11278 3314
5078 2752
11122 4736
11002 9790
3232 8742
8740 7988
12488 187
9473 5597
1282 9556
11552 7497
5916 9888
4701 4936
8051 5554
9983 4705
5944 9538
4644 8497
4030 9807
1055 6151
3026 3729
7035 9280
12636 141
3309 5946
8108 4479
8078 2309
2255 9998
3795 7496
10290 3716
4290 839
12187 2871
4067 38
8533 555
4990 2039
10143 11407
5019 11240
136 6500
1939 6857
6781 2073
10745 616
9138 4349
10364 4614
7425 9203
5291 7169
6432 234
1730 8733
6999 6047
6674 12042
3973 11649
724 9029
376 8221
10107 7753
8556 12276
5964 6362
2453 6692
11097 3294
6469 7507
10484 3675
1342 10476
6649 843
9141 12433
7153 3976
940 8476
11284 3518
11777 6849
2595 7658
3818 361
8728 11638
5904 124
8281 7528
9888 3374
11417 11612
11475 279
12661 6189
2149 8111
9309 7232
590 267
4913 10737
1783 7516
3738 9405
8933 6747
5605 3510
1421 10252
9214 11422
471 9530
10304 5179
5320 2252
1785 5613
6043 3405
10541 6512
9563 10130
1369 7326
6516 2486
1035 1819
3530 2434
8091 7179
7228 4775
4745 337
11013 8331
8676 1823
10029 2732
11243 3751
2176 11983
4753 12751
2272 4952
7624 11322
11328 10222
7705 6330
4153 4370
4190 4277
10610 976
11295 8221
10767 1586
6223 9354
3539 5245
6657 8012
7782 4578
11949 1218
10480 5168
8405 8553
8385 2611
7982 1385
5259 1157
8866 7918
6268 5374
2035 8719
520 7549
7986 1030
11710 4810
6864 2257
735 4924
7990 8008
3872 189
7746 9697
4145 364
11594 12410
8290 4956
10136 2995
11170 4449
10895 3688
3132 9534
10052 4638
1229 4004
8163 11000
236 6011
7145 6676
5460 4933
1567 10651
7590 5692
349 5726
10958 10567
10068 4159
12506 6116
10957 7186
6634 12012
6896 2292
2480 10994
7126 11786
11533 5796
6216 5068
1488 7472
2133 11966
8023 8278
3509 1490
11728 7217
2404 9529
6467 95
7771 12405
11110 10761
2532 5861
7624 9277
8644 12183
7755 7529
10821 5761
5684 5724
9545 8840
1123 12413
1424 8212
6686 11362
9636 7283
4680 10842
6496 9033
5150 12623
12139 12106
5442 5606
2354 760
11351 7577
2368 1136
7605 5
5654 9278
10779 12677
3358 395
8629 9988
3635 4285
11135 1931
10886 2913
6910 7704
12555 2632
9401 8582
2512 5448
230 6958
11166 3301
5100 10159
10046 10386
9859 7900
2924 7555
9698 8362
1119 9257
6968 2915
1182 2914
3301 35
8830 10418
10862 9193
3730 11502
12061 1796
2642 707
10444 674
3896 11972
1304 8413
11234 2486
276 6653
5789 12126
4119 7684
5539 984
7941 4136
467 11145
12029 4327
5367 3055
11557 6731
9225 4071
12581 260
804 3105
5714 5200
11114 9362
1681 4710
6750 1719
7170 387
3289 744
3610 6372
487 9358
12218 5809
7278 6335
3333 968
12362 6641
11436 6131
1998 10562
11027 10796
1971 8198
2291 5909
8574 10781
3102 6993
9853 9617
7203 3973
7647 9405
4043 5641
9304 756
11545 3821
11724 9792
11825 4880
2539 11122
5863 760
8290 5237
9852 11234
9507 5561
7953 11484
4734 7780
6072 9192
6376 9126
9659 9067
11236 7409
466 3229
756 922
5455 10964
1051 11329
12355 4774
5349 9107
3017 5938
12219 6236
2713 10982
7254 3627
1060 2795
6558 5147
2541 8318
3134 6534
11231 8832
2640 326
12338 2823
8988 5437
2 6437
10544 1918
7849 12234
8239 9120
7019 4790
8806 3112
1541 1181
5498 971
183 3299
7312 1547
4584 6467
11873 3472
8044 11736
5166 2945
7522 5520
11107 10101
4817 8528
5266 3093
2113 1393
645 4940
1002 10569
9985 5621
575 12563
5379 1019
3297 12020
453 4523
3626 7347
5777 12002
7938 3639
258 7755
12344 6944
314 9232
7860 10566
3041 4516
5326 1529
8847 9714
9077 6353
12288 5971
7584 5695
3288 10439
737 1617
4922 11558
4680 9926
6750 788
12014 2294
10189 1754
4631 9128
3737 6235
3080 3293
11176 12418
723 5321
5020 7868
2045 11118
10671 9570
6744 7334
4242 11471
4459 6800
2947 4747
2700 9802
6343 3803
