-59.3597
-38.0084
-16.7758
3.3764
6.87851
1.9464
0.994568
1.09763
1.01044
3.28642
4.06474
9.19984
13.7818
19.9647
26.5665
35.6629
37.486
33.0613
29.5642
30.2884
33.6246
29.0005
22.0182
17.0564
19.83
29.5376
24.8173
5.1662
-17.039
-36.2042
-47.2621
-58.6689
-72.4134
-79.4241
-80.3739
-76.9485
-71.2708
-61.7103
-54.2469
-44.8584
-25.48
-5.80459
-1.55685
-2.88675
-1.04385
-5.14803
-23.9402
-56.732
-33.4091
-9.05793
5.97145
-0.342018
-8.37158
-10.1045
-9.10384
-4.90644
0.26429
5.24174
11.2831
15.0259
26.0774
44.7016
56.5255
51.5363
42.8415
35.3236
32.8463
40.2789
37.5033
33.7112
28.698
30.5925
30.1729
16.5955
-9.20116
-37.1684
-58.3631
-68.1153
-76.6099
-83.9046
-85.0566
-85.9519
-88.7105
-86.9868
-74.6609
-61.1907
-56.0193
-41.6947
-21.1872
-11.8463
-4.34142
0.643654
-3.58675
-20.232
-54.1434
-28.8353
-3.43898
-1.27956
-15.5594
-24.448
