4301 4286
1725 1600
1855 1901
10627 10646
5662 5662
4956 4959
10589 10599
2111 1625
6853 6945
1742 1741
4148 4146
1909 1938
8509 8513
2052 1647
573 575
11489 11497
1847 2087
10544 10560
5376 5434
1839 2099
1832 1685
5295 5293
1903 1759
1962 1677
1861 1682
12368 12395
10570 10572
1011 1021
1859 2074
6966 6854
7568 7576
10574 10567
2024 1636
1791 1897
2073 1934
2485 2479
1766 1898
1743 1949
1784 1950
305 302
2016 1703
1695 1600
1926 1615
1932 1753
1812 1698
1774 1954
5339 5365
1675 1821
7751 7719
1955 1638
11347 11324
1705 1959
1747 2102
1817 1881
6866 6907
2001 1988
1806 2006
1789 1857
5858 5881
6891 6933
1621 1885
1736 1923
1717 1761
4795 4804
7778 7722
1798 1710
10660 10492
2031 1940
1599 1961
1778 1910
1868 1822
1870 1844
10442 10430
10867 10866
6866 6923
5001 4983
1879 1716
1895 1705
12354 12385
6934 6893
1716 2055
6891 6886
1837 1662
1678 1861
1736 1833
1830 1648
1918 1912
2303 2328
1024 1025
10464 10471
1721 2091
1673 1830
1646 1864
1767 1928
1607 1749
1845 2069
1660 1696
1604 1781
2856 2855
2084 1886
1706 1882
1809 1673
2998 2976
1886 1940
1888 1612
1867 1881
6782 6770
1998 1883
1888 1818
2112 1790
1882 1889
10488 10512
1632 1996
5880 5858
1933 1921
5375 5374
10531 10619
2794 2789
7719 7712
7729 7717
1884 2019
10530 10674
10486 10563
3853 3852
10648 10566
6780 6786
10551 10661
6972 6858
1690 2085
1708 1763
1984 1743
10105 10106
1846 1823
5350 5410
12345 12347
2080 1786
8744 8724
10990 10990
2042 2105
2002 1904
7744 7780
10799 10804
2111 2050
7561 7549
8966 8962
4875 4875
1972 1880
10226 10221
1771 1925
10523 10468
3762 3763
1940 1999
5439 5338
11498 11496
2008 1878
1639 2002
1723 1860
1928 1788
1764 1910
1850 1954
1768 1837
3143 3143
2049 2053
12398 12367
11210 11211
10446 10596
2009 1749
6904 6884
1878 2114
5332 5371
7770 7730
1763 1815
6949 6918
1975 1705
1656 1929
2045 1765
2036 1971
1695 1872
5407 5423
1814 2108
1893 2059
1730 1693
7575 7572
1755 1738
4679 4687
2020 1748
2304 2309
2005 1836
11894 11894
10554 10472
12406 12377
4976 4978
1914 1811
1758 1892
6789 6771
1753 2036
1640 1771
2307 2317
6955 6973
2113 1876
1784 2094
2058 1681
10597 10606
1756 1938
11615 11609
2076 1725
6973 6849
1868 1769
3395 3424
2030 1830
1954 1990
2002 1668
1667 1608
1758 2046
2011 1610
1719 1697
7779 7736
10450 10455
5354 5385
1653 2013
6888 6922
1649 1780
1604 2017
6846 6903
2967 2988
12185 12178
1980 1981
4869 4860
1988 2045
2058 1734
2100 1734
7767 7761
2974 2986
12353 12406
1816 1649
2845 2829
1795 1925
2055 1829
1688 1771
1669 1845
1950 1721
10510 10534
1691 1810
3431 3393
10633 10634
7733 7716
1609 1726
1731 1675
10602 10455
6970 6903
1933 1673
2091 2008
5867 5905
11615 11633
2019 2072
7706 7731
1694 2085
5327 5415
1812 1688
1856 1959
1782 2082
6970 6850
1859 1837
1799 1809
4785 4801
6899 6908
6936 6885
2084 1763
5987 5973
10597 10490
2638 2625
7559 7555
10654 10654
1777 2023
11004 10999
1857 2101
1795 1825
1761 1866
2043 1866
1861 1926
6911 6968
1678 1623
1975 1614
1882 1807
12347 12351
10493 10508
1914 2024
6889 6934
1906 1807
2064 1713
1912 1997
1961 1961
10555 10557
8950 8951
4671 4692
1792 2107
1961 1915
10666 10594
1636 1715
2068 1828
1911 2030
6938 6986
1994 1677
10656 10473
1855 1638
1890 1780
5284 5296
596 595
8938 8960
7894 7892
1918 1934
1897 1672
5348 5387
4372 4378
10579 10560
1985 1679
1979 1929
1598 1785
1625 1596
2111 1894
2044 1854
10661 10649
1954 1826
6914 6851
1764 1716
6003 5970
4154 4147
1693 1976
6852 6952
1829 2044
7015 7016
5439 5329
8952 8929
12648 12643
2312 2327
1764 1834
6778 6789
10671 10515
1859 1944
1754 1646
10471 10460
2093 1829
12392 12387
10554 10531
1708 1683
10515 10650
6971 6878
1792 1855
5974 6003
1702 1616
10546 10504
10634 10483
10611 10525
2075 1972
1818 2018
1717 1804
10574 10489
10575 10532
8465 8454
12250 12257
1677 2020
1632 1768
2062 1888
1652 2006
4132 4138
2060 1905
8736 8741
5383 5396
1958 1786
4989 4977
1807 2088
10566 10657
1941 1640
1612 1834
1755 1740
2094 1987
6883 6901
11973 11970
1830 1953
1599 1820
3152 3155
8259 8254
7720 7693
10868 10871
6496 6496
1741 1869
1661 1771
6917 6882
1930 1650
10633 10599
3989 3989
1970 1683
2034 1848
1935 2111
11316 11334
2054 1639
4995 4995
2989 2980
8376 8378
6821 6817
1763 1823
6907 6858
1613 1596
8961 8943
1705 1799
10636 10632
3965 3978
1824 1925
1770 1751
1774 2052
2009 2112
1073 1069
6860 6855
1856 1836
2016 1858
1886 1909
5382 5435
1818 2081
1836 1810
1753 1762
1960 1896
7086 7097
6960 6872
2849 2836
2098 1640
2003 1867
1874 2006
2099 1654
1723 1805
10573 10648
5436 5419
316 305
5342 5390
1869 1945
1803 1981
1816 1616
714 698
10630 10623
1949 2038
1721 1933
1703 1648
1628 1596
7553 7566
10641 10572
1917 1780
1896 1602
2981 2995
1646 2048
6950 6970
10439 10418
5363 5441
1728 1646
2064 1982
1976 1903
4792 4770
12401 12378
3127 3131
1678 2110
1965 1949
1599 2079
4899 4897
10469 10471
1853 1632
1947 2076
2968 3014
10625 10532
1777 1826
1662 1749
3065 3042
10567 10614
10610 10532
1865 1806
1600 2003
1909 2088
6753 6770
1740 1974
5856 5879
12508 12509
12259 12249
1620 2052
6921 6904
2051 1998
1794 1754
1934 1840
2020 2006
1843 1874
9236 9237
2097 2112
6964 6976
10188 10180
6930 6864
7452 7449
3559 3558
1741 1902
1972 1603
1736 1814
2066 1936
4460 4449
1662 1657
6848 6975
2048 2055
5985 5998
1862 1969
1810 1734
1797 1700
9990 9990
1816 1916
1992 1765
1826 1936
10594 10621
2009 2082
8252 8253
1743 1896
6905 6851
1652 2089
1885 2037
12384 12359
4705 4671
1667 1739
1664 1893
2045 1837
2090 1608
1722 1671
10578 10467
10463 10532
10460 10494
7908 7908
2305 2307
1832 1675
2049 2113
6791 6759
1991 1821
4141 4136
1803 1639
10251 10258
2057 2095
9208 9207
10458 10498
10482 10505
12122 12124
1718 1648
1643 1691
7543 7563
1710 1941
7756 7712
1800 1709
5352 5425
5349 5420
2073 1613
4143 4144
5427 5373
5885 5876
1940 1667
1961 1925
1694 2060
10505 10671
1655 1799
6410 6410
5859 5854
1750 1970
10625 10481
1899 2023
5971 5958
10364 10384
1681 2002
1855 1889
1657 1626
5861 5888
1978 1796
5841 5839
8860 8856
1680 1846
10507 10581
8947 8938
2013 2051
8602 8599
1751 1651
2987 3005
1998 1962
1832 1734
2070 1887
6486 6497
10471 10514
2101 1778
2106 1718
2077 1999
5877 5871
1896 1784
1757 1864
1917 1958
1860 1759
1821 1617
1700 2088
1862 1981
10561 10569
2008 2097
2106 1788
11772 11772
1615 1942
2061 1867
1878 1630
12596 12600
2008 2114
1861 1765
3693 3689
1604 1874
1715 1825
2047 2092
6917 6875
1728 1965
2113 1734
2023 2040
11351 11349
1973 1853
2103 1688
5343 5429
1701 1721
5354 5356
1806 2001
1799 1668
1783 1904
10558 10557
1832 1691
12237 12244
10628 10480
5714 5710
2622 2622
1965 2099
12351 12388
10596 10474
1966 2109
10382 10364
1734 2066
10614 10603
2069 1867
645 630
5367 5433
6885 6948
2106 1888
1850 2009
2038 2101
1803 1824
1792 2100
1939 1889
4035 4046
1791 1856
6771 6771
1700 1750
2112 1619
1894 1705
1678 1682
10478 10498
3433 3404
1809 1796
5442 5433
7772 7725
1719 1929
1824 1916
1791 1834
2019 2000
1969 1810
5399 5354
1732 1822
5855 5884
1671 1665
1982 1978
1997 1641
5852 5876
5378 5376
5517 5517
1898 1954
1623 1924
1828 1821
1612 1705
1684 1751
1730 1727
1857 1646
1655 1769
10644 10443
2014 2019
10538 10602
308 299
10630 10557
10489 10641
1783 1901
1956 1653
2026 2049
1838 2070
5426 5442
1758 1908
10533 10573
1907 1781
3295 3296
64 66
1851 1757
1936 1859
1941 1695
1942 1849
1907 2073
1601 1841
1424 1430
2050 2020
1862 1890
1831 1917
7447 7453
6940 6938
1687 1919
2097 1795
2006 1683
1790 1780
4141 4150
5446 5426
10559 10590
10491 10563
10482 10571
4811 4811
7053 7027
2071 1911
5392 5358
1729 1797
11329 11345
1718 1667
1980 2031
2075 2105
5413 5393
1655 2112
1657 1702
1609 1958
2413 2439
1634 1727
2097 1991
1625 1809
10444 10665
7695 7701
4719 4677
1693 2026
1763 1828
10674 10641
1984 2084
10479 10563
10673 10673
3057 3061
12125 12128
1946 2071
1624 2096
1924 1838
8247 8236
1669 1865
2071 1832
1735 2111
3891 3892
1917 1621
4710 4685
2108 1928
955 957
1674 1624
11628 11631
4454 4463
1636 1923
10573 10640
12403 12371
6739 6739
1827 2070
10575 10640
9442 9440
1912 1911
1598 1964
1786 1650
1676 1824
10365 10364
1646 1840
2035 1906
1796 1605
1797 2010
4703 4716
10581 10663
1846 1714
1703 1864
11641 11603
6894 6982
10649 10445
1690 1612
1611 1675
6861 6848
1756 1960
1942 1774
1775 1871
1898 1808
2068 1952
1612 1902
1619 1886
2048 2093
1722 2066
1707 1908
2035 1863
2029 1601
1954 2005
1739 1953
10586 10547
9728 9709
1838 2025
1944 1785
2022 2048
2007 2102
1615 1918
6439 6439
1608 1758
1820 1925
6952 6956
10628 10596
2022 1723
8732 8720
1751 1715
1736 2027
2083 1619
1657 1693
2440 2413
1972 2086
1631 1704
5910 5906
2828 2825
3053 3049
2096 1717
1966 1650
10624 10536
1809 1879
1673 2088
2004 1906
1999 2082
1836 1638
2111 1835
2105 1834
2093 1704
10649 10581
1717 1630
2041 1638
6946 6931
1939 1653
1703 1696
1908 2003
5178 5178
3009 2983
4698 4679
1948 1986
4434 4434
6481 6485
10667 10621
1620 1683
1937 1656
1726 1608
5885 5857
9753 9751
5432 5354
1647 2036
1601 1762
2834 2825
1956 2013
1667 1901
1904 2065
11251 11244
5353 5343
1597 2111
1691 1674
4841 4844
2085 1727
7718 7746
10506 10672
5857 5850
10648 10591
4783 4789
10571 10462
1650 1859
1703 1968
1918 1973
5854 5869
7709 7708
1599 1597
1882 1766
1927 1802
1996 1718
5852 5904
1952 1914
7876 7873
1645 1948
7040 7033
5369 5442
1711 1827
1678 2090
1855 1869
1827 2085
1689 1717
1927 1825
3392 3423
2019 1937
1711 1893
948 946
1651 1879
1984 2082
1831 1968
1923 2077
1717 1791
1933 1885
1802 1766
8331 8340
10623 10603
1760 1879
1872 1766
9723 9725
1713 1639
1644 1743
1713 2083
9051 9049
5405 5397
10612 10548
2055 2012
10417 10422
1750 2098
2101 1615
10489 10510
1916 2051
1971 1842
5329 5336
2057 2025
1995 2008
1799 1618
879 881
1846 1901
1956 1798
1814 1840
10515 10456
10544 10652
1617 1977
1807 1851
10593 10550
7695 7736
6885 6892
1900 2048
1879 2013
10630 10628
4889 4909
2093 1974
9149 9150
10470 10644
1812 1995
1769 1620
1955 1961
7743 7773
1875 1957
6907 6915
2039 1686
1828 1929
1797 2003
1739 1602
2059 2039
12359 12383
5963 5975
5327 5391
1957 1967
4782 4772
1678 1681
1837 1677
1661 1734
1613 1762
1888 1873
10607 10535
1667 1945
5423 5361
1618 1934
1767 1794
2102 2070
2043 1847
1772 1731
1684 2071
10410 10402
10484 10485
1534 1529
1837 2000
1859 2045
1858 2074
5423 5429
8952 8948
3621 3619
2056 1951
1675 1809
1729 1801
1633 1612
2023 1950
1686 1987
2095 2094
9644 9643
6260 6263
4994 4986
1659 2047
1844 1742
1865 1687
5422 5389
2036 1991
4775 4776
2090 1796
2012 1967
6935 6983
5347 5341
4985 4986
1743 1891
4381 4366
5370 5334
1950 1988
6852 6934
649 654
1819 1929
7545 7575
7334 7355
1880 2113
11615 11609
325 326
1946 1987
2055 2029
5900 5840
2043 2053
1954 1805
2086 2079
1759 2078
1639 1791
1737 1903
5882 5872
10547 10551
10488 10607
1821 1669
2050 2092
1841 2007
2056 2100
5356 5349
11622 11618
12691 12692
1970 1767
2035 1667
1993 2040
2100 2028
1860 1819
1764 2011
7794 7701
1773 1798
10599 10452
5875 5864
10525 10463
1850 1916
8956 8932
1695 1769
4783 4761
8091 8088
1846 2090
1727 1632
10605 10563
6929 6935
1899 1978
1893 1660
1635 1821
1968 1896
1740 2089
1617 1758
1632 2104
1988 1894
2062 1860
2090 1774
8223 8221
8261 8235
1692 1912
2022 1918
1714 1795
1820 2081
1666 1600
4818 4823
7746 7726
1915 2059
1865 1735
1690 1710
2036 1772
1624 1881
2975 2989
3273 3260
9529 9527
4368 4370
12382 12397
1785 1721
1975 1700
6921 6900
2019 1618
10071 10069
5414 5415
2843 2811
1859 1996
1856 2036
2018 2011
2096 1791
10620 10559
1367 1364
1648 1815
1646 1657
1812 1647
1647 1684
5977 6002
5906 5869
10845 10844
6602 6602
6857 6869
1075 1082
1990 1744
6651 6647
2063 2028
1854 1622
5009 5008
1805 1966
1719 1598
1817 1734
1939 2040
3390 3389
10592 10606
11314 11313
11627 11611
1686 1910
1749 1744
6983 6911
1799 2045
10639 10664
1596 1778
1861 1796
1918 1705
5886 5875
4999 4989
10783 10786
10516 10583
1723 1952
10467 10516
7627 7616
12398 12370
2097 1993
10553 10475
2045 1819
10105 10104
6952 6937
10500 10641
1667 2088
1651 1600
5863 5869
11817 11817
1693 1875
5390 5407
10519 10512
5447 5334
1723 1765
10611 10475
8736 8710
3087 3088
3701 3701
1715 1929
4602 4601
1796 2056
1655 1928
1768 2058
5450 5450
2049 1626
1710 1782
3266 3272
2084 1652
1987 1710
1664 1738
2019 1993
1708 2065
2024 1816
1933 1760
632 636
2037 2076
1990 1758
9728 9699
704 717
2327 2306
11914 11921
6883 6947
1954 1758
1725 1972
1853 1862
2067 1761
6872 6897
5409 5395
10579 10554
3973 3971
10599 10548
1668 1662
6740 6789
10566 10570
1891 2062
2001 1841
2111 1993
4342 4342
1608 1629
1600 1966
1716 1648
1888 1724
2423 2418
6896 6969
10537 10503
1637 1753
1874 2107
2408 2408
1856 2095
1680 1616
1658 1718
1629 1974
2063 1659
2011 1639
1617 2104
1986 1918
1779 2112
1877 2112
1773 1996
10464 10619
10503 10645
1755 1963
6855 6882
1669 2010
1727 1886
3240 3271
1829 1615
4775 4798
1830 1703
5380 5368
1693 1735
10629 10557
4900 4912
2103 1832
1979 2045
2998 2970
5561 5562
1936 1705
10368 10359
1906 1813
1911 1638
1916 2061
882 875
1861 2047
1854 1804
4769 4765
3495 3492
1715 1622
10566 10598
2050 1757
1625 1842
2022 2007
2681 2688
1853 1761
1989 2025
10553 10512
1968 1717
6881 6876
6268 6262
2003 1730
1952 1629
1941 1621
1645 1794
1663 1887
1754 1657
1974 1652
6875 6905
1935 1789
2046 1613
3088 3083
1828 1655
651 649
1742 2025
2599 2595
1754 1863
1688 1788
10470 10577
2047 2034
1730 1983
1923 1760
2070 1883
2085 1926
1755 2029
9884 9881
1851 1606
1778 1948
2910 2910
1973 1600
1844 2054
1974 2027
1648 1866
2008 1837
1856 1932
1746 1713
3409 3424
10667 10447
1622 1791
10472 10599
1842 1950
2826 2821
1807 1701
2071 2018
4681 4674
10510 10448
1734 1809
1884 2028
1889 2089
2845 2821
1744 2060
2030 1749
6974 6955
11149 11152
3394 3431
2044 1825
2031 1908
1699 1672
5883 5840
2034 1836
10642 10561
1596 1768
1608 2023
8660 8660
3392 3404
1789 1948
7780 7777
2062 1914
1990 1965
1932 1851
1880 1675
6850 6881
1795 1811
2052 1716
11330 11335
10510 10521
8105 8084
1745 1843
2031 1605
1858 1861
1975 1989
1665 1806
1751 2011
2025 2032
9905 9905
2099 1604
1967 1923
1717 1846
6856 6896
2036 1945
1705 2075
7712 7759
11835 11832
1959 1830
1849 2110
7780 7794
1860 1860
2089 1692
1742 1831
7035 7044
1808 1829
1922 1913
7762 7697
1841 1794
10780 10783
10572 10639
6781 6795
12582 12583
10664 10541
10535 10490
7791 7714
5398 5393
10568 10523
10546 10500
11346 11323
2090 1980
10479 10517
3418 3423
1984 1608
1873 1794
2005 1836
6948 6957
1910 1879
10579 10552
11355 11342
4688 4720
1704 1748
1954 1776
1771 2073
1666 1844
10568 10609
1009 1008
1854 2102
1853 1948
1861 2006
1678 1664
1654 1903
1855 1850
1725 1634
1938 1771
2631 2626
8985 8995
1799 1732
12323 12325
1690 1955
1912 1937
4451 4449
2010 1893
1850 1758
6881 6878
1688 1957
10663 10470
5429 5394
1826 1742
2975 2990
1675 1754
10576 10478
2985 3002
9624 9630
1863 1662
1682 2114
2012 1643
5397 5370
1768 1698
12407 12355
1994 1835
1851 1773
2022 1697
1779 1962
2113 1933
2009 1962
1924 1873
1643 1909
1787 1918
1640 1856
1716 1766
5882 5900
2009 1939
1833 1678
7790 7709
1676 2002
1792 1879
10482 10517
1885 2079
1639 2068
7705 7695
1786 1825
2041 1836
1610 1625
1721 1739
1922 1777
8404 8404
4134 4151
1668 1759
2069 1692
1622 1813
2066 2053
1737 1948
6853 6945
7542 7544
7762 7728
5305 5284
1615 1662
10533 10484
2074 1633
1931 1685
6954 6901
1740 1786
1871 1743
2040 1692
1941 1816
10461 10484
10666 10504
2066 2033
2076 1903
2072 1925
12369 12389
1854 1718
11637 11606
7753 7737
3252 3260
11516 11512
2031 1789
6998 6992
1753 1725
1924 1728
1954 1604
8043 8039
2028 2001
10482 10453
641 630
1828 1982
10501 10492
1762 1962
10473 10506
1607 1599
10517 10566
10585 10511
1780 1993
1647 1902
1940 1650
2089 1629
1732 1739
5904 5840
1987 1877
1725 1957
10560 10539
1596 1706
5970 5960
1683 2027
5285 5284
6859 6849
2086 1717
1809 1850
1961 1659
2108 1859
1746 1711
10644 10611
1630 2011
6871 6847
1667 1817
6894 6914
1895 2051
1742 1832
1885 2063
5327 5397
9392 9387
1710 1864
2015 1828
12641 12636
1860 2073
2588 2592
1933 1935
1787 1946
2045 1807
1997 1794
7377 7373
1818 2023
6909 6981
5359 5331
1757 1858
1615 1753
6056 6056
5395 5444
3261 3262
5335 5368
6964 6978
1974 1969
2090 1783
11248 11240
5888 5853
11636 11608
5369 5347
2065 1914
1898 1868
10535 10497
12600 12593
2085 1699
6791 6789
11318 11334
1814 1959
10465 10544
7728 7720
10427 10442
1842 1818
1799 1858
880 871
1644 2035
1809 1624
1602 1636
1762 2000
4046 4028
11497 11491
1600 1877
7086 7083
6950 6982
1964 1869
5904 5908
1824 1877
1638 1745
11806 11813
1972 1844
1912 1630
10567 10627
1918 2021
6937 6913
12395 12386
1670 1935
2112 1606
1914 1745
2047 2062
1730 1700
1716 1609
10578 10655
5507 5506
2032 1673
1942 1841
12359 12353
2093 1904
10530 10559
1966 1964
3066 3065
1726 2068
5967 5967
1704 1696
1989 1844
1796 1773
1848 2106
10674 10489
1773 1941
10481 10527
7753 7771
2077 1728
5284 5278
10650 10612
1803 1630
2040 1825
1666 1732
2049 1843
1601 1680
5385 5399
2101 2006
1784 2069
2053 2111
2416 2414
1643 1864
10568 10595
1854 1641
1060 1060
1964 1866
10572 10547
5877 5861
2930 2927
1638 1843
1715 2019
1909 1879
3006 2975
1659 1739
1730 1643
1834 1599
1662 1849
1664 2070
10462 10627
10502 10672
2027 1775
7707 7733
1670 2030
6893 6928
1642 1884
1707 1994
2081 1890
1987 2002
1911 1955
2314 2319
1917 1800
1955 1855
1701 1869
1791 1861
2077 1608
1989 1635
1640 1801
4688 4710
11320 11330
10631 10586
1643 1690
1829 1889
1977 1956
1625 2109
5340 5440
2015 2027
1739 1680
1713 1756
1973 2035
4459 4458
8728 8734
6401 6402
1938 2055
5429 5389
2417 2426
10451 10520
1925 1750
1944 2097
8100 8086
10498 10450
1988 1785
1602 1702
2012 1785
6904 6903
1631 1867
1743 1986
1683 1820
7781 7759
1946 1797
6860 6884
10635 10564
1671 2013
2024 1855
12406 12366
12377 12363
1666 2034
1650 2032
1668 1847
2025 1853
2010 2012
1707 1644
10513 10632
1984 1861
1598 2057
10451 10567
5983 5984
1967 1971
1675 1891
1712 1829
2030 1838
1801 1729
2096 1997
1678 1940
1827 1637
1797 1670
1717 1864
1737 1968
1679 1945
9411 9423
6980 6855
1660 1851
10584 10446
1777 1997
10468 10649
1739 1731
2068 1985
1628 2007
1868 1729
6795 6751
2085 1938
2058 2051
10487 10525
1786 1865
1803 1700
2838 2815
1680 1647
8960 8938
6259 6268
12430 12425
9641 9642
1116 1114
2975 3012
10479 10487
5869 5910
1960 1816
1811 2070
1705 1731
10527 10539
1619 1682
2075 1808
1704 1732
10471 10557
12378 12357
2024 1848
2047 1878
1696 2023
4786 4768
1901 2020
2317 2310
1858 1907
10621 10509
8048 8051
1950 1794
2008 1746
1735 2035
3109 3102
6788 6785
5441 5373
2027 1687
1878 1833
1889 1941
6885 6847
7792 7770
6982 6868
5333 5383
2084 2001
2078 1815
1834 1881
6903 6847
1609 2013
1891 1997
5404 5361
5987 5963
10573 10454
2032 2094
1943 1636
2062 1653
1770 1863
1692 2076
10573 10529
2099 1609
1644 1675
10648 10529
1833 1993
2022 1821
1871 1874
9722 9706
3126 3127
1895 1717
5369 5399
1630 1713
1966 1915
1729 1750
8997 8985
7726 7735
5384 5405
1829 2113
1805 1965
3041 3055
6794 6770
1752 1991
8251 8249
1619 1852
8244 8237
2013 2058
2048 1658
2104 2029
1916 1599
10629 10464
7733 7724
1614 1694
2047 1745
2046 1897
694 703
10457 10634
1691 1624
7711 7732
3018 2987
1599 1794
1808 1955
2054 1710
1841 1811
6745 6763
11742 11749
1942 1701
4341 4341
7712 7726
1634 2074
1905 1840
10595 10596
1935 1822
1739 1903
6486 6499
1819 1703
12372 12396
2083 2092
1821 1883
1770 1816
1991 1872
1721 1784
1766 2114
6923 6888
1944 1613
1786 1742
1603 1907
1809 1766
2059 2008
10619 10605
1706 1659
9060 9060
7725 7748
1743 2074
1941 1654
2002 1767
5443 5436
1487 1484
10644 10450
1916 1810
144 148
10607 10662
11745 11747
1928 1738
5907 5859
8331 8335
5299 5299
1604 1825
5419 5343
6339 6340
1684 2110
1913 1686
10069 10072
1659 1641
7783 7697
1876 1635
1747 2100
1644 1755
10504 10457
1873 1775
1696 2080
1913 1613
5398 5441
2104 1807
2097 1753
10585 10635
5715 5705
10528 10604
1968 1698
2081 2110
2435 2417
5330 5391
1920 1645
10752 10754
1759 1909
1762 1640
2053 2009
1916 1957
6895 6901
7698 7776
10180 10189
1668 1661
3009 2972
11768 11760
10563 10569
1650 1836
4759 4804
2020 1760
1986 1619
10655 10597
1981 1762
6002 5975
1930 1783
1730 1729
5365 5348
10462 10600
1765 1610
1948 2018
530 533
1817 1921
74 78
1805 1737
8931 8936
2082 1963
2058 1664
1060 1060
7571 7563
5352 5362
2090 2075
1988 1608
12419 12419
1647 1757
7211 7209
1745 1932
3971 3970
2106 1774
1737 1785
1750 1847
2026 1800
5438 5417
10552 10602
10654 10494
1830 1768
1956 1867
5969 5988
1806 2074
6924 6985
1971 1640
10404 10405
10560 10478
11459 11458
1837 1661
302 300
8714 8732
2005 1605
4787 4803
1870 1724
1648 2035
11607 11636
4648 4639
7560 7551
1919 1968
10275 10277
1651 2048
1839 2056
10618 10472
7724 7794
1648 2035
1688 2074
1982 1792
2073 1944
1618 2067
1976 1835
1609 1715
2087 2067
2036 1694
10617 10602
5401 5432
10536 10557
6950 6964
1821 2055
1989 2060
1596 1773
1944 1662
10664 10543
1666 1675
1605 1774
6766 6752
1649 1683
10452 10511
2078 1905
2106 1680
1665 1885
1637 2033
12387 12382
5880 5903
4683 4682
5846 5845
1658 1726
6972 6926
10452 10509
6930 6977
1639 1736
10478 10562
6967 6942
1952 2000
1604 1803
1971 2047
1607 1991
5434 5412
7787 7789
1741 1853
1677 2039
1787 1641
1819 2054
1866 1797
2430 2417
10466 10592
5854 5845
5854 5912
1912 2090
10650 10593
1981 2071
10563 10541
6746 6779
1888 2072
6869 6900
1990 1726
1687 2107
7797 7783
1738 2096
1634 1968
1812 2090
7552 7578
10508 10532
1888 1756
10632 10576
1736 1718
5410 5370
8951 8973
11112 11109
7783 7751
10646 10523
1821 1789
1709 1740
6793 6780
1677 1829
10584 10457
5307 5283
10568 10573
1348 1348
10674 10527
10615 10487
1726 1943
1019 1023
4047 4045
6782 6792
2094 2101
5342 5366
6964 6957
2049 1984
1986 2079
10473 10615
10592 10503
1885 1844
2001 2087
7785 7790
10450 10463
10587 10459
2033 1941
11071 11067
1897 1855
1619 1896
1921 1683
10652 10662
10460 10637
12391 12359
1963 1701
1767 1914
2304 2324
1742 2074
10204 10202
1964 1782
1755 1631
4756 4752
10599 10664
1828 1629
1889 1959
7116 7115
10601 10447
2105 1972
1758 1948
10457 10562
2067 2098
2073 1821
2069 1822
1801 1963
1785 2081
1981 1748
11335 11334
1948 1739
1710 1646
8257 8236
1831 1640
11627 11640
1823 1635
1833 1792
7707 7698
2021 1868
2096 1596
1656 1729
1640 1639
1857 2059
10554 10566
1805 2009
1845 1653
1694 1851
2007 2040
1757 1906
10624 10584
8085 8097
7642 7614
1684 1871
10570 10553
5390 5340
1885 2108
6852 6984
6908 6911
10536 10656
12390 12376
2084 1707
1601 1933
295 295
1826 1964
1673 2101
8262 8244
1934 2084
1656 1918
2851 2835
2056 1649
1605 2106
1849 1912
6869 6942
5855 5872
10256 10251
1991 1623
1885 2019
1682 1877
5566 5558
10534 10548
1970 1784
1683 2058
7756 7789
5445 5433
1761 1927
1971 2006
2036 1896
694 711
10644 10618
6784 6741
1738 1933
10462 10494
11046 11045
1953 2006
7739 7756
1718 1623
9935 9935
1736 1927
4679 4682
1891 2038
1744 1873
2113 2077
2108 1966
1736 1849
1608 2067
5388 5442
1642 1794
12550 12549
634 654
5058 5058
10664 10509
2015 1989
1992 1683
1603 2034
2033 1950
1872 2101
1871 1614
2014 2080
2071 1900
7790 7781
6945 6945
10599 10578
10623 10637
1916 2039
12352 12405
1758 1996
1777 2077
10612 10495
1847 1726
10600 10457
10214 10224
10542 10675
1686 1662
1857 1870
1763 1941
6911 6864
1598 1715
1986 1968
2089 1932
10527 10535
10513 10623
10599 10535
1609 1938
1796 1616
2106 1685
1879 2041
1745 1939
1858 1811
2025 1916
7765 7746
1776 2099
2039 1838
10582 10455
10653 10460
8095 8110
1821 1931
3894 3892
10445 10528
12353 12362
10454 10591
1905 1919
2113 2077
12426 12430
2060 1645
6509 6509
5846 5847
1715 1970
5329 5346
1836 1961
1921 1903
1888 2015
1920 1997
3036 3044
10472 10452
2033 1729
5343 5417
8724 8712
1699 1815
7545 7553
6923 6912
1723 2033
9272 9279
11751 11754
12371 12369
10497 10474
1641 1760
1904 1754
4944 4945
1901 1711
6590 6593
12348 12367
4707 4672
2034 2046
2057 1715
6873 6855
2966 3008
4682 4699
10530 10621
2064 1856
2025 1690
5892 5879
1841 2114
1890 1877
11741 11739
1987 1691
10622 10630
1759 1742
1968 1714
1842 1973
1898 1665
1816 1757
1709 1994
1941 1884
2058 1954
2005 2099
2037 2055
4860 4873
2556 2553
2089 2089
10549 10666
1894 2006
1960 1882
2025 1967
10628 10535
1870 1978
7712 7788
1838 1729
1767 1678
10499 10626
1845 1896
1632 2074
5750 5756
1966 1637
1757 1846
1919 1744
2063 1941
8481 8479
7794 7748
1979 1780
6909 6965
11763 11748
1749 2009
10525 10621
2024 2041
1780 1950
3052 3048
1997 1749
1786 2026
10468 10518
1862 2060
1741 1689
4692 4671
11599 11586
6772 6759
1699 1710
1774 1784
10733 10719
3059 3050
10574 10466
11672 11672
1753 1635
1901 2093
1609 2110
1814 1751
6925 6975
2044 1723
5380 5397
1715 1892
1828 1955
2065 2050
2018 1662
1839 1922
2107 1743
2087 2093
4658 4641
6763 6778
10629 10552
10593 10469
2111 2009
3969 3974
5329 5418
1635 2019
10615 10663
316 298
4719 4712
1710 1748
2063 1612
4978 4998
4035 4043
1855 1665
1664 2109
10631 10666
1599 1916
10635 10657
1989 1608
1832 1670
1761 1631
1864 1599
2114 2058
1768 1992
1786 1935
1840 1691
2003 1897
12642 12639
10482 10667
1956 1832
10506 10460
1747 1653
12361 12364
1992 2065
2056 2102
10553 10648
5347 5401
2111 1870
2012 1657
1954 2006
10626 10575
1689 1912
6850 6876
704 698
9700 9699
1803 1881
1865 2037
8089 8088
4995 4988
1718 1794
6862 6903
10520 10464
6903 6849
1640 1630
5757 5758
12671 12670
1809 1771
1667 1665
2097 1671
1643 1602
4901 4903
12371 12350
1762 1927
2084 1806
1882 2027
7741 7711
1830 1821
2060 1644
1994 1984
8482 8480
2072 1874
8954 8937
11343 11344
1744 1934
1750 1958
1873 2089
2003 1645
4382 4380
2113 1741
1953 2038
12401 12385
4740 4742
1755 2064
10669 10448
2002 1637
1755 1887
1617 1661
2054 1810
2009 1861
2007 1887
6884 6860
10464 10504
1790 1712
2074 2077
1850 1744
10505 10584
1801 1773
1800 1818
6908 6957
1766 1668
7087 7098
1726 1836
7703 7773
1696 1984
1895 1671
8242 8264
10584 10532
645 636
5420 5348
1783 1920
1978 1664
2037 1648
1729 1816
2036 1797
6847 6975
1641 1615
10626 10594
10607 10567
10722 10733
6976 6850
10532 10469
1894 1770
2326 2313
1627 2033
1801 1732
3011 2972
8943 8935
10552 10647
8050 8044
1797 1949
1769 2051
10502 10527
10610 10584
3421 3407
10466 10653
1852 1835
10476 10501
4984 4976
1737 1947
6861 6865
1613 1918
316 308
2074 1928
2035 1666
1798 1921
1977 1928
1803 1684
6951 6848
1621 1959
2023 2028
10719 10723
7292 7289
1903 1642
1737 1968
10487 10662
10614 10466
3409 3390
1877 1960
1826 1792
5444 5337
3389 3433
1759 1862
10589 10610
10670 10462
10521 10589
1872 1661
1715 2043
1889 2109
1904 2108
1858 1852
1902 2098
2841 2820
2096 1709
3838 3840
2096 1894
1985 1785
10374 10380
2040 1940
5882 5842
5432 5419
1685 1775
2085 1836
4999 4985
10634 10629
4693 4679
2101 2057
9003 9005
1905 1643
10619 10504
1827 1617
1736 2010
1761 1647
8742 8743
1695 1774
1955 1849
10544 10523
1833 1607
2990 2982
1874 1964
4141 4134
1719 1807
7738 7737
7627 7634
2043 1879
1676 1734
1937 1635
1994 1961
1721 1983
1871 2108
7764 7745
6586 6592
2008 1991
1877 1918
1906 1752
1711 1663
6728 6728
5862 5852
1949 1766
2295 2295
1703 1644
7504 7499
5426 5330
1663 1766
6053 6052
1870 2015
3056 3045
1902 1653
10569 10522
2065 1988
8504 8513
1807 1838
10499 10509
2992 3012
11288 11286
1857 1940
1797 1973
8046 8036
5424 5393
1814 1903
1729 1895
1758 1816
3409 3387
8979 9007
10476 10595
1881 1910
10605 10492
5343 5362
1835 1745
1817 2009
1666 2052
1948 1776
1652 1758
2099 1941
1802 1857
1853 1978
1954 1638
10665 10465
1778 2110
5381 5440
1684 1604
2113 1715
3406 3415
2007 1914
1858 2089
10468 10490
10562 10643
1748 1764
2076 1634
1742 1633
1733 1826
1609 1891
1964 1964
3387 3429
2013 1650
1864 1976
10462 10554
1948 2097
2087 1630
1791 1869
10572 10527
12330 12331
10585 10488
10574 10565
10463 10621
1843 1884
3428 3392
12361 12403
1610 2032
1644 2041
2060 1953
1674 1818
10668 10487
1605 1664
10584 10638
10603 10511
2087 2033
1926 1679
1740 1730
1784 2049
4144 4148
1777 2044
10475 10547
7552 7562
10592 10552
1704 1943
1862 1846
2053 1608
2024 1853
10647 10449
1645 1887
1718 2085
1671 1846
1948 1728
1779 1613
1646 1664
1709 1644
1873 1909
1769 2021
1911 1607
1695 2022
2052 1744
2057 1704
10539 10611
2002 1923
1866 1764
1659 1808
10658 10593
1926 1738
2048 1811
3429 3412
1975 1729
10515 10483
10546 10456
1749 1693
1929 1995
9546 9544
1984 1705
11341 11348
1964 1758
7769 7765
11982 11982
1759 1653
1809 2103
5860 5895
1963 1996
2099 1861
1897 1704
10640 10581
10477 10551
2085 1920
5583 5584
6964 6971
1768 1955
1835 1855
5365 5383
3424 3413
10511 10470
3415 3404
4685 4706
1738 1952
10400 10397
9724 9724
1773 1619
1736 1798
11743 11740
4796 4763
10667 10598
5394 5367
6947 6946
2093 1816
1754 1893
1931 1703
12373 12380
1785 1928
1879 1983
5838 5880
1082 1069
1917 1673
10665 10444
11343 11335
1810 1608
3391 3386
6858 6914
1653 1694
11826 11828
7742 7744
1789 1810
2057 1602
2030 1600
1724 1695
1780 1873
1704 1943
4674 4703
1709 1646
1809 1779
10632 10619
6929 6886
2069 2066
1802 2032
2099 1980
1664 2103
10670 10631
1965 2001
5870 5876
10656 10642
10440 10435
5982 5973
10497 10630
1801 2059
1743 1612
7749 7789
10719 10725
1609 1659
10247 10247
1640 1687
10506 10478
7768 7733
3399 3387
2848 2840
1790 2078
1804 2038
1864 1720
10486 10616
1878 1879
1699 1661
5818 5815
2642 2631
6926 6880
11346 11332
6759 6761
7699 7770
12266 12264
10572 10671
1700 1865
1912 1949
1721 2084
2082 2108
5369 5396
1927 1887
1919 1783
7740 7734
6934 6892
650 651
7776 7706
1732 1709
10666 10456
719 716
1926 1657
1662 1988
1989 1701
1851 2029
10614 10565
1714 2091
1922 1906
1900 1811
1800 2064
2042 1886
12601 12598
2085 1669
1801 1647
10858 10858
1849 2050
1910 1986
9323 9321
1959 1672
1654 1761
1825 1820
6781 6755
1888 1928
1940 1693
12101 12104
1814 2066
1892 1687
2016 2100
2030 1775
1936 1861
2094 2095
1851 1810
10571 10641
1299 1302
6768 6795
1648 1893
5417 5375
5336 5415
1751 2040
2095 2079
1836 2053
1806 1810
1778 1663
10628 10498
1715 1909
1912 1783
1738 1925
2030 1931
2046 1846
5327 5382
10644 10531
1974 1646
1888 1853
1638 1902
10171 10179
8281 8279
5376 5327
6778 6737
1781 1959
1884 1930
1806 2097
2034 2067
1686 1857
2040 1946
1862 1674
5433 5334
7708 7729
1712 1939
1788 1916
1693 2074
1722 1795
10176 10181
1606 1690
10463 10494
1851 1902
10594 10631
10175 10174
1744 1637
6868 6869
3264 3259
12106 12107
1786 1680
1932 1827
7717 7694
10616 10644
1948 1870
1690 1727
5987 5998
1717 1638
7642 7630
5328 5380
1839 2006
5422 5339
1942 2082
1819 1953
1846 1772
1926 1605
10601 10449
10626 10490
2044 2111
1665 1726
1962 1739
10462 10640
3032 3055
2059 2099
8163 8159
10543 10453
12392 12359
10508 10580
2046 1809
2014 1744
1954 1881
1795 1889
7447 7460
1848 1632
10657 10653
6940 6902
10660 10477
1962 1827
1725 1961
6919 6952
1761 1850
985 979
1621 1649
1710 1945
1837 1906
10444 10496
1933 1864
1828 1736
11654 11654
10476 10579
6856 6882
10378 10379
12359 12363
6006 6006
1640 1744
1720 1665
2993 2978
9715 9718
10518 10559
2344 2345
2049 1672
10091 10091
1804 1957
7335 7355
9468 9467
6846 6922
10716 10726
5414 5358
8451 8451
1702 1782
5418 5420
5903 5893
6861 6890
1618 1902
1722 2034
1882 1807
2049 1961
1651 2030
6860 6870
5386 5359
1968 1674
10600 10637
3439 3440
2332 2331
1979 1641
1669 1889
1959 1743
1695 1835
10631 10582
2009 1960
1964 1682
2017 1982
1772 1884
12375 12386
1784 1717
2085 1869
2974 3005
5466 5468
1878 1705
2078 1896
5371 5343
1859 1701
2005 1862
1751 1614
10577 10570
10654 10623
3702 3702
10554 10557
1934 1819
1866 1865
1789 1976
2004 1883
8566 8568
2058 1948
1818 1891
10520 10602
2109 1765
877 869
1693 2091
1718 1942
1994 1613
